<?xml version="1.0" encoding="UTF-8"?>
<!-- Generated by org.testng.reporters.JUnitXMLReporter -->
<testsuite ignored="0" hostname="Irinas-MacBook-Pro.local" failures="0" tests="5" name="Default test" time="6.164" errors="0" timestamp="2023-05-12T11:43:28 CDT">
  <testcase classname="api_tests.CraterItems" name="login" time="2.168"/>
  <testcase classname="api_tests.CraterItems" name="createItem" time="1.071"/>
  <testcase classname="api_tests.CraterItems" name="getItem" time="0.808"/>
  <testcase classname="api_tests.CraterItems" name="updateItem" time="0.933"/>
  <testcase classname="api_tests.CraterItems" name="deleteItem" time="0.358"/>
</testsuite> <!-- Default test -->
