<?xml version="1.0" encoding="UTF-8"?>
<testsuite xmlns:xsi="http://www.w3.org/2001/XMLSchema-instance" xsi:noNamespaceSchemaLocation="https://maven.apache.org/surefire/maven-surefire-plugin/xsd/surefire-test-report-3.0.xsd" version="3.0" name="runners.TestRunner" time="12.985" tests="1" errors="1" skipped="0" failures="0">
  <properties>
[...]
</properties>
  <testcase name="As a user, I am able to create and delete an item in DB and check the item in DB" classname="Items Management" time="10.394">
    <error message="&#10;For documentation on this error, please visit: https://www.seleniumhq.org/exceptions/no_such_element.html&#10;Build info: version: &apos;3.141.59&apos;, revision: &apos;e82be7d358&apos;, time: &apos;2018-11-14T08:17:03&apos;&#10;System info: host: &apos;PrimeTechs-iMac&apos;, ip: &apos;192.168.0.154&apos;, os.name: &apos;Mac OS X&apos;, os.arch: &apos;x86_64&apos;, os.version: &apos;12.5.1&apos;, java.version: &apos;17.0.5&apos;&#10;Driver info: org.openqa.selenium.safari.SafariDriver&#10;Capabilities {acceptInsecureCerts: false, browserName: Safari, browserVersion: 15.6.1, javascriptEnabled: true, platform: MAC, platformName: MAC, safari:automaticInspection: false, safari:automaticProfiling: false, safari:diagnose: false, safari:platformBuildVersion: 21G83, safari:platformVersion: 12.5.1, safari:useSimulator: false, setWindowRect: true, strictFileInteractability: false, webkit:WebRTC: {DisableICECandidateFiltering: false, DisableInsecureMediaCapture: false}}&#10;Session ID: 25BE2E56-FA92-4C3E-B701-5F8E85792355&#10;*** Element info: {Using=xpath, value=//a[text()=&apos; Items&apos;]}" type="org.openqa.selenium.NoSuchElementException"><![CDATA[org.openqa.selenium.NoSuchElementException: 

For documentation on this error, please visit: https://www.seleniumhq.org/exceptions/no_such_element.html
Build info: version: '3.141.59', revision: 'e82be7d358', time: '2018-11-14T08:17:03'
System info: host: 'PrimeTechs-iMac', ip: '192.168.0.154', os.name: 'Mac OS X', os.arch: 'x86_64', os.version: '12.5.1', java.version: '17.0.5'
Driver info: org.openqa.selenium.safari.SafariDriver
Capabilities {acceptInsecureCerts: false, browserName: Safari, browserVersion: 15.6.1, javascriptEnabled: true, platform: MAC, platformName: MAC, safari:automaticInspection: false, safari:automaticProfiling: false, safari:diagnose: false, safari:platformBuildVersion: 21G83, safari:platformVersion: 12.5.1, safari:useSimulator: false, setWindowRect: true, strictFileInteractability: false, webkit:WebRTC: {DisableICECandidateFiltering: false, DisableInsecureMediaCapture: false}}
Session ID: 25BE2E56-FA92-4C3E-B701-5F8E85792355
*** Element info: {Using=xpath, value=//a[text()=' Items']}
]]></error>
    <system-out><![CDATA[
@regression @itemsTests @deleteItemInDB
Scenario: As a user, I am able to create and delete an item in DB and check the item in DB &amp#27;[90m# src/test/resources/features/itemsManagement.feature:79&amp#27;[0m
This is before hook!
  &amp#27;[32mGiven &amp#27;[0m&amp#27;[32mAs an entity user, I am logged in&amp#27;[0m                                                  &amp#27;[90m# step_definitions.ItemsManagement.as_an_entity_user_i_am_logged_in()&amp#27;[0m
  &amp#27;[31mAnd &amp#27;[0m&amp#27;[31mI navigate to Items tab&amp#27;[0m                                                              &amp#27;[90m# step_definitions.ItemsManagement.i_navigate_to_items_tab()&amp#27;[0m
      &amp#27;[31morg.openqa.selenium.NoSuchElementException: 
For documentation on this error, please visit: https://www.seleniumhq.org/exceptions/no_such_element.html
Build info: version: '3.141.59', revision: 'e82be7d358', time: '2018-11-14T08:17:03'
System info: host: 'PrimeTechs-iMac', ip: '192.168.0.154', os.name: 'Mac OS X', os.arch: 'x86_64', os.version: '12.5.1', java.version: '17.0.5'
Driver info: org.openqa.selenium.safari.SafariDriver
Capabilities {acceptInsecureCerts: false, browserName: Safari, browserVersion: 15.6.1, javascriptEnabled: true, platform: MAC, platformName: MAC, safari:automaticInspection: false, safari:automaticProfiling: false, safari:diagnose: false, safari:platformBuildVersion: 21G83, safari:platformVersion: 12.5.1, safari:useSimulator: false, setWindowRect: true, strictFileInteractability: false, webkit:WebRTC: {DisableICECandidateFiltering: false, DisableInsecureMediaCapture: false}}
Session ID: 25BE2E56-FA92-4C3E-B701-5F8E85792355
*** Element info: {Using=xpath, value=//a[text()=' Items']}
	at java.base/jdk.internal.reflect.NativeConstructorAccessorImpl.newInstance0(Native Method)
	at java.base/jdk.internal.reflect.NativeConstructorAccessorImpl.newInstance(NativeConstructorAccessorImpl.java:77)
	at java.base/jdk.internal.reflect.DelegatingConstructorAccessorImpl.newInstance(DelegatingConstructorAccessorImpl.java:45)
	at java.base/java.lang.reflect.Constructor.newInstanceWithCaller(Constructor.java:499)
	at java.base/java.lang.reflect.Constructor.newInstance(Constructor.java:480)
	at org.openqa.selenium.remote.http.W3CHttpResponseCodec.createException(W3CHttpResponseCodec.java:187)
	at org.openqa.selenium.remote.http.W3CHttpResponseCodec.decode(W3CHttpResponseCodec.java:122)
	at org.openqa.selenium.remote.http.W3CHttpResponseCodec.decode(W3CHttpResponseCodec.java:49)
	at org.openqa.selenium.remote.HttpCommandExecutor.execute(HttpCommandExecutor.java:158)
	at org.openqa.selenium.remote.service.DriverCommandExecutor.execute(DriverCommandExecutor.java:83)
	at org.openqa.selenium.remote.RemoteWebDriver.execute(RemoteWebDriver.java:552)
	at org.openqa.selenium.remote.RemoteWebDriver.findElement(RemoteWebDriver.java:323)
	at org.openqa.selenium.remote.RemoteWebDriver.findElementByXPath(RemoteWebDriver.java:428)
	at org.openqa.selenium.By$ByXPath.findElement(By.java:353)
	at org.openqa.selenium.remote.RemoteWebDriver.findElement(RemoteWebDriver.java:315)
	at org.openqa.selenium.support.pagefactory.DefaultElementLocator.findElement(DefaultElementLocator.java:69)
	at org.openqa.selenium.support.pagefactory.internal.LocatingElementHandler.invoke(LocatingElementHandler.java:38)
	at jdk.proxy2/jdk.proxy2.$Proxy19.click(Unknown Source)
	at step_definitions.ItemsManagement.i_navigate_to_items_tab(ItemsManagement.java:42)
	at ✽.I navigate to Items tab(file:///Users/primetech/Documents/PrimetechWorkSpace/PrimeTechJavaWorkspace/firstCucumberProject/./src/test/resources/features/itemsManagement.feature:9)
&amp#27;[0m
  &amp#27;[36mWhen &amp#27;[0m&amp#27;[36mI insert a record into database called &amp#27;[0m&amp#27;[36m&amp#27;[1m"Xbox"&amp#27;[0m                                       &amp#27;[90m# step_definitions.ItemsManagement.i_insert_a_record_into_database(java.lang.String)&amp#27;[0m
  &amp#27;[36mThen &amp#27;[0m&amp#27;[36mItem should be listed in the items table on the UI&amp#27;[0m                                  &amp#27;[90m# step_definitions.ItemsManagement.item_should_be_listed_in_the_items_table_on_the_ui()&amp#27;[0m
  &amp#27;[36mWhen &amp#27;[0m&amp#27;[36mI delete the item created above via db&amp#27;[0m                                              &amp#27;[90m# step_definitions.ItemsManagement.i_delete_the_item_created_above_via_db()&amp#27;[0m
  &amp#27;[36mAnd &amp#27;[0m&amp#27;[36mI refresh the page&amp#27;[0m                                                                   &amp#27;[90m# step_definitions.ItemsManagement.i_refresh_the_page()&amp#27;[0m
  &amp#27;[36mThen &amp#27;[0m&amp#27;[36mThe item is no longer in the items list table&amp#27;[0m                                       &amp#27;[90m# step_definitions.ItemsManagement.the_item_is_no_longer_in_the_items_list_table()&amp#27;[0m
This is after hook!

    Embedding screenshot [image/png 386513 bytes]

]]></system-out>
    <system-err><![CDATA[Apr 27, 2023 7:34:44 PM org.openqa.selenium.remote.ProtocolHandshake createSession
INFO: Detected dialect: W3C
]]></system-err>
  </testcase>
</testsuite>