<?xml version="1.0" encoding="UTF-8"?>
<testng-results ignored="0" total="5" passed="5" failed="0" skipped="0">
  <reporter-output>
  </reporter-output>
  <suite started-at="2023-05-12T11:43:22 CDT" name="Default suite" finished-at="2023-05-12T11:43:28 CDT" duration-ms="6164">
    <groups>
    </groups>
    <test started-at="2023-05-12T11:43:22 CDT" name="Default test" finished-at="2023-05-12T11:43:28 CDT" duration-ms="6164">
      <class name="api_tests.CraterItems">
        <test-method is-config="true" signature="setup()[pri:0, instance:api_tests.CraterItems@6da21078]" started-at="2023-05-12T11:43:22 CDT" name="setup" finished-at="2023-05-12T11:43:22 CDT" duration-ms="770" status="PASS">
          <reporter-output>
          </reporter-output>
        </test-method> <!-- setup -->
        <test-method signature="login()[pri:0, instance:api_tests.CraterItems@6da21078]" started-at="2023-05-12T11:43:22 CDT" name="login" finished-at="2023-05-12T11:43:25 CDT" duration-ms="2168" status="PASS">
          <reporter-output>
          </reporter-output>
        </test-method> <!-- login -->
        <test-method signature="createItem()[pri:0, instance:api_tests.CraterItems@6da21078]" started-at="2023-05-12T11:43:25 CDT" name="createItem" finished-at="2023-05-12T11:43:26 CDT" depends-on-methods="api_tests.CraterItems.login" duration-ms="1071" status="PASS">
          <reporter-output>
          </reporter-output>
        </test-method> <!-- createItem -->
        <test-method signature="getItem()[pri:0, instance:api_tests.CraterItems@6da21078]" started-at="2023-05-12T11:43:26 CDT" name="getItem" finished-at="2023-05-12T11:43:26 CDT" depends-on-methods="api_tests.CraterItems.createItem" duration-ms="808" status="PASS">
          <reporter-output>
          </reporter-output>
        </test-method> <!-- getItem -->
        <test-method signature="updateItem()[pri:0, instance:api_tests.CraterItems@6da21078]" started-at="2023-05-12T11:43:26 CDT" name="updateItem" finished-at="2023-05-12T11:43:27 CDT" depends-on-methods="api_tests.CraterItems.getItem" duration-ms="933" status="PASS">
          <reporter-output>
          </reporter-output>
        </test-method> <!-- updateItem -->
        <test-method signature="deleteItem()[pri:0, instance:api_tests.CraterItems@6da21078]" started-at="2023-05-12T11:43:27 CDT" name="deleteItem" finished-at="2023-05-12T11:43:28 CDT" depends-on-methods="api_tests.CraterItems.updateItem" duration-ms="358" status="PASS">
          <reporter-output>
          </reporter-output>
        </test-method> <!-- deleteItem -->
      </class> <!-- api_tests.CraterItems -->
    </test> <!-- Default test -->
  </suite> <!-- Default suite -->
</testng-results>
